23-11-2012 16:56:18		2		/favicon.ico
23-11-2012 17:37:56		2		/favicon.ico
23-11-2012 17:38:01		2		/favicon.ico
23-11-2012 17:38:08		2		/favicon.ico
23-11-2012 17:38:16		2		/favicon.ico
23-11-2012 17:41:44		2		/favicon.ico
23-11-2012 17:44:05		2		/favicon.ico
23-11-2012 17:44:19		2		/favicon.ico
23-11-2012 17:44:36		2		/favicon.ico
23-11-2012 17:44:48		2		/favicon.ico
23-11-2012 17:54:47		2		/favicon.ico
23-11-2012 17:57:44		2		/favicon.ico
23-11-2012 17:58:01		2		/favicon.ico
23-11-2012 18:00:03		2		/favicon.ico
23-11-2012 18:00:36		2		/favicon.ico
23-11-2012 18:01:39		2		/favicon.ico
23-11-2012 18:01:59		2		/favicon.ico
23-11-2012 18:03:56		2		/favicon.ico
23-11-2012 18:07:57		0		/css/homepage_Firefox.css
23-11-2012 18:08:04		0		/css/application_Firefox.css
23-11-2012 18:08:09		1		/css/application_Firefox.css
23-11-2012 18:08:15		1		/css/application_Firefox.css
23-11-2012 18:08:17		1		/css/application_Firefox.css
23-11-2012 18:08:20		1		/css/application_Firefox.css
23-11-2012 18:08:29		0		/css/homepage_Firefox.css
23-11-2012 18:08:33		0		/css/application_Firefox.css
23-11-2012 18:08:37		2		/css/application_Firefox.css
23-11-2012 18:08:46		2		/css/application_Firefox.css
23-11-2012 18:08:53		2		/css/application_Firefox.css
23-11-2012 18:09:10		2		/css/application_Firefox.css
30-11-2012 16:24:32		0		/css/homepage_MSIE.css
30-11-2012 16:24:32		0		/css/homepage_MSIE.css
30-11-2012 16:24:37		0		/css/application_MSIE.css
30-11-2012 16:25:26		0		/css/application_MSIE.css
30-11-2012 16:25:46		0		/css/homepage_Opera.css
30-11-2012 16:25:48		0		/css/application_Opera.css
30-11-2012 16:26:29		0		/css/homepage_MSIE.css
30-11-2012 16:26:35		2		/css/application_MSIE.css
30-11-2012 16:26:36		2		/css/application_MSIE.css
30-11-2012 16:27:28		2		/css/application_MSIE.css
30-11-2012 16:27:33		2		/css/application_MSIE.css
30-11-2012 16:27:39		2		/css/application_MSIE.css
30-11-2012 16:30:09		2		/css/application_MSIE.css
30-11-2012 16:30:10		2		/css/application_MSIE.css
30-11-2012 16:30:12		2		/css/application_MSIE.css
30-11-2012 16:30:55		2		/css/application_MSIE.css
30-11-2012 16:30:57		2		/css/application_MSIE.css
30-11-2012 16:30:58		2		/css/application_MSIE.css
30-11-2012 16:30:59		2		/css/application_MSIE.css
30-11-2012 16:31:01		2		/css/application_MSIE.css
30-11-2012 16:31:01		2		/css/application_MSIE.css
30-11-2012 16:31:02		2		/css/application_MSIE.css
30-11-2012 16:31:03		2		/css/application_MSIE.css
30-11-2012 16:38:20		0		/css/homepage_Firefox.css
30-11-2012 16:38:33		0		/css/homepage_Firefox.css
30-11-2012 16:38:37		0		/css/homepage_Firefox.css
30-11-2012 16:38:41		0		/css/homepage_Firefox.css
30-11-2012 16:41:13		2		/css/application_Firefox.css
30-11-2012 16:43:11		2		/css/application_Firefox.css
30-11-2012 16:44:20		2		/css/application_Firefox.css
30-11-2012 16:44:23		2		/css/application_Firefox.css
30-11-2012 16:48:36		2		/css/application_Firefox.css
30-11-2012 16:49:36		2		/css/application_Firefox.css
30-11-2012 16:49:52		2		/css/application_Firefox.css
30-11-2012 16:50:01		2		/css/application_Firefox.css
30-11-2012 16:50:33		2		/css/application_Firefox.css
30-11-2012 16:53:01		0		/css/application_Opera.css
30-11-2012 16:53:06		0		/css/homepage_Opera.css
30-11-2012 16:53:12		2		/css/application_Opera.css
30-11-2012 16:53:18		0		/css/homepage_MSIE.css
30-11-2012 16:53:18		0		/css/homepage_MSIE.css
30-11-2012 16:53:42		0		/css/homepage_Safari.css
30-11-2012 16:53:46		2		/css/application_Safari.css
30-11-2012 17:08:48		0		/css/homepage_MSIE.css
30-11-2012 19:37:36		0		/favicon.ico
30-11-2012 19:37:50		0		/favicon.ico
30-11-2012 19:37:51		0		/favicon.ico
30-11-2012 19:44:20		0		/favicon.ico
30-11-2012 19:44:30		0		/favicon.ico
30-11-2012 19:44:59		0		/favicon.ico
30-11-2012 19:46:52		0		/favicon.ico
30-11-2012 19:47:08		0		/favicon.ico
30-11-2012 19:50:34		0		/favicon.ico
30-11-2012 20:09:03		7		/register
30-11-2012 20:09:03		7		/favicon.ico
30-11-2012 22:21:32		0		/css/homepage_MSIE.css
30-11-2012 22:21:33		0		/css/homepage_MSIE.css
30-11-2012 22:22:58		1		/class/index/id/3
30-11-2012 22:22:58		1		/favicon.ico
03-12-2012 17:51:01		0		/favicon.ico
03-12-2012 17:51:09		0		/favicon.ico
03-12-2012 18:14:23		1		/support/add
03-12-2012 18:14:23		1		/favicon.ico
03-12-2012 18:15:38		1		/favicon.ico
03-12-2012 18:16:08		1		/favicon.ico
03-12-2012 18:16:21		1		/favicon.ico
03-12-2012 18:20:17		1		/favicon.ico
03-12-2012 18:22:16		1		/favicon.ico
03-12-2012 18:22:17		1		/favicon.ico
03-12-2012 18:22:43		1		/favicon.ico
03-12-2012 18:22:44		1		/favicon.ico
03-12-2012 18:24:58		1		/favicon.ico
03-12-2012 18:25:19		1		/favicon.ico
03-12-2012 18:25:43		1		/favicon.ico
03-12-2012 18:25:47		1		/favicon.ico
03-12-2012 18:27:20		1		/favicon.ico
03-12-2012 18:28:03		1		/favicon.ico
03-12-2012 18:28:18		1		/favicon.ico
03-12-2012 18:30:37		1		/favicon.ico
03-12-2012 18:36:28		1		/favicon.ico
03-12-2012 18:47:55		1		/favicon.ico
03-12-2012 18:48:18		1		/favicon.ico
03-12-2012 18:48:31		1		/favicon.ico
03-12-2012 18:48:45		1		/favicon.ico
03-12-2012 18:49:40		1		/favicon.ico
03-12-2012 18:50:53		1		/favicon.ico
03-12-2012 19:09:13		1		/favicon.ico
03-12-2012 19:09:29		1		/favicon.ico
03-12-2012 19:09:45		1		/favicon.ico
03-12-2012 19:10:11		1		/favicon.ico
03-12-2012 19:14:07		1		/favicon.ico
03-12-2012 19:16:44		1		/support/answer/id/
03-12-2012 19:16:45		1		/favicon.ico
03-12-2012 19:17:09		1		/support/answer/id/323
03-12-2012 19:17:09		1		/favicon.ico
03-12-2012 19:19:20		1		/favicon.ico
03-12-2012 19:26:54		1		/favicon.ico
03-12-2012 19:32:37		1		/answer
03-12-2012 19:32:37		1		/favicon.ico
03-12-2012 19:33:11		1		/answer
03-12-2012 19:33:11		1		/favicon.ico
03-12-2012 19:34:03		1		/favicon.ico
03-12-2012 19:34:55		1		/favicon.ico
03-12-2012 19:35:09		1		/favicon.ico
03-12-2012 19:35:19		1		/favicon.ico
04-12-2012 01:32:25		1		/favicon.ico
04-12-2012 01:32:40		1		/favicon.ico
04-12-2012 01:33:25		1		/favicon.ico
04-12-2012 01:37:34		1		/favicon.ico
04-12-2012 02:23:48		1		/favicon.ico
04-12-2012 02:23:50		1		/favicon.ico
04-12-2012 02:24:45		1		/favicon.ico
04-12-2012 02:25:03		1		/favicon.ico
04-12-2012 16:11:48		1		/favicon.ico
04-12-2012 16:39:41		1		/favicon.ico
04-12-2012 16:41:10		1		/favicon.ico
04-12-2012 16:42:20		1		/support/answer
04-12-2012 16:42:20		1		/favicon.ico
04-12-2012 16:43:36		1		/support/ticket-change
04-12-2012 16:43:36		1		/favicon.ico
04-12-2012 17:00:53		1		/favicon.ico
04-12-2012 17:44:00		1		/favicon.ico
04-12-2012 18:19:35		1		/blank.gif
04-12-2012 18:49:20		1		/favicon.ico
04-12-2012 18:49:49		1		/favicon.ico
17-12-2012 16:29:33		0		/favicon.ico
17-12-2012 16:30:18		0		/favicon.ico
17-12-2012 16:30:49		0		/favicon.ico
17-12-2012 17:51:08		0		/favicon.ico
17-12-2012 18:09:51		0		/favicon.ico
17-12-2012 18:27:52		1		/favicon.ico
17-12-2012 18:28:02		1		/favicon.ico
17-12-2012 18:28:33		1		/favicon.ico
18-12-2012 15:03:14		1		/favicon.ico
18-12-2012 15:08:57		1		/favicon.ico
18-12-2012 15:13:49		1		/favicon.ico
18-12-2012 15:20:53		1		/favicon.ico
